2024-03-25T17:06:25.384Z info: Server is working on port 4000
2024-03-25T17:06:39.515Z info: User logged in: oussemadhamdi815@gmail.com
2024-03-26T16:43:23.091Z info: Server is working on port 4000
2024-03-26T16:44:40.807Z info: User logged in: oussemadhamdi815@gmail.com
2024-03-26T17:02:24.583Z info: Server is working on port 4000
2024-03-26T17:02:30.491Z info: User registration failed - email hamzass@gmail.com already exists
2024-03-26T17:02:40.092Z info: User logged in: oussemadhamdi815@gmail.com
2024-03-26T17:03:25.428Z info: Server is working on port 4000
2024-03-26T17:03:28.035Z info: User logged in: oussemadhamdi815@gmail.com
2024-03-26T17:03:29.601Z info: User logged in: oussemadhamdi815@gmail.com
2024-03-26T17:03:38.246Z info: Server is working on port 4000
2024-03-26T17:05:37.238Z info: User logged in: oussemadhamdi815@gmail.com
2024-03-26T17:05:38.549Z info: User logged in: oussemadhamdi815@gmail.com
2024-03-26T17:05:42.481Z info: User registration failed - email hamzass@gmail.com already exists
2024-03-26T17:05:44.790Z info: User registration failed - email hamzass@gmail.com already exists
2024-03-27T03:36:02.905Z info: Server is working on port 4000
2024-03-27T03:50:06.959Z info: User logged in: oussemadhamdi815@gmail.com
2024-03-27T04:06:26.593Z info: Server is working on port 4000
2024-03-27T04:06:38.845Z info: Server is working on port 4000
2024-03-27T04:06:54.538Z info: Server is working on port 4000
2024-03-27T04:12:19.382Z info: User logged in: oussemadhamdi815@gmail.com
2024-03-27T04:13:53.010Z info: Server is working on port 4000
2024-03-27T04:15:42.613Z info: Server is working on port 4000
2024-03-27T04:15:59.484Z info: User logged in: oussemadhamdi815@gmail.com
2024-03-27T04:21:20.228Z info: Server is working on port 4000
2024-03-27T04:22:13.153Z info: Server is working on port 4000
2024-03-27T04:22:35.438Z info: Server is working on port 4000
2024-03-27T04:22:50.364Z info: Server is working on port 4000
2024-03-27T04:25:03.294Z info: User logged in: oussemadhamdi815@gmail.com
2024-03-27T04:30:46.055Z info: User logged in: oussemadhamdi815@gmail.com
2024-03-27T04:36:43.061Z info: Server is working on port 4000
2024-03-27T04:37:02.390Z info: Server is working on port 4000
2024-03-27T04:37:59.082Z info: Server is working on port 4000
2024-03-27T04:38:08.378Z info: Server is working on port 4000
2024-03-27T04:38:14.743Z info: Server is working on port 4000
2024-03-27T04:38:37.304Z info: Server is working on port 4000
2024-03-27T04:38:44.024Z info: User logged in: oussemadhamdi815@gmail.com
2024-03-27T04:41:24.417Z info: Server is working on port 4000
2024-03-27T04:41:34.380Z info: User logged in: oussemadhamdi815@gmail.com
2024-03-27T04:41:59.515Z info: Server is working on port 4000
2024-03-27T04:44:40.561Z info: Server is working on port 4000
2024-03-27T04:45:17.176Z info: Server is working on port 4000
2024-03-27T04:45:35.459Z info: Server is working on port 4000
2024-03-27T04:46:02.679Z info: Server is working on port 4000
2024-03-27T04:46:52.786Z info: Server is working on port 4000
2024-03-27T04:47:43.484Z info: Server is working on port 4000
2024-03-27T04:49:56.699Z info: Server is working on port 4000
2024-03-27T04:52:02.792Z info: Server is working on port 4000
2024-03-27T04:53:02.895Z info: Server is working on port 4000
2024-03-27T04:53:06.837Z info: Server is working on port 4000
2024-03-27T04:53:29.876Z info: User logged in: oussemadhamdi815@gmail.com
2024-03-27T04:55:11.229Z info: Server is working on port 4000
2024-03-27T04:55:43.771Z info: Server is working on port 4000
2024-03-27T04:55:54.110Z info: Server is working on port 4000
2024-03-27T04:55:59.609Z info: User logged in: oussemadhamdi815@gmail.com
2024-03-27T05:03:54.538Z info: Server is working on port 4000
2024-03-27T05:05:25.517Z info: Server is working on port 4000
2024-03-27T05:07:06.211Z info: Server is working on port 4000
2024-03-27T05:07:16.885Z info: User logged in: oussemadhamdi815@gmail.com
2024-03-27T05:08:59.984Z info: Server is working on port 4000
2024-03-27T05:09:28.942Z info: Server is working on port 4000
2024-03-27T05:11:12.143Z info: Server is working on port 4000
2024-03-27T05:11:24.989Z info: User logged in: oussemadhamdi815@gmail.com
2024-03-27T05:14:50.838Z info: Server is working on port 4000
2024-03-27T05:15:46.752Z info: Server is working on port 4000
2024-03-27T05:16:03.251Z info: User logged in: oussemadhamdi815@gmail.com
2024-03-27T05:16:29.812Z info: Server is working on port 4000
2024-03-27T05:16:50.059Z info: Server is working on port 4000
2024-03-27T05:16:59.196Z info: Server is working on port 4000
2024-03-27T05:17:50.351Z info: Server is working on port 4000
2024-03-28T01:31:02.029Z info: Server is working on port 4000
2024-03-28T01:31:16.319Z info: User logged in: oussemadhamdi815@gmail.com
2024-03-28T01:34:08.767Z info: Server is working on port 4000
2024-03-28T01:34:52.493Z info: Server is working on port 4000
2024-03-28T01:35:02.571Z info: User logged in: oussemadhamdi815@gmail.com
2024-03-28T01:41:38.513Z info: Server is working on port 4000
2024-03-28T01:43:41.123Z info: User logged in: oussemadhamdi815@gmail.com
2024-03-28T01:45:20.005Z info: Server is working on port 4000
2024-03-28T01:45:46.254Z info: Server is working on port 4000
2024-03-28T01:45:54.201Z info: Server is working on port 4000
2024-03-28T02:08:13.838Z info: Server is working on port 4000
2024-03-28T02:09:49.722Z info: Server is working on port 4000
2024-03-28T02:10:08.321Z info: Server is working on port 4000
2024-03-28T02:12:51.991Z info: User logged in: oussemadhamdi815@gmail.com
2024-03-28T02:14:30.949Z info: Server is working on port 4000
2024-03-28T02:14:36.264Z info: User logged in: oussemadhamdi815@gmail.com
2024-03-28T02:16:55.182Z info: Server is working on port 4000
2024-03-28T02:17:04.525Z info: Server is working on port 4000
2024-03-28T02:21:15.409Z info: Server is working on port 4000
2024-03-28T02:21:35.208Z info: Server is working on port 4000
2024-03-28T02:21:40.211Z info: User logged in: oussemadhamdi815@gmail.com
2024-03-28T02:31:41.481Z info: Server is working on port 4000
2024-03-28T02:32:14.196Z info: Server is working on port 4000
2024-03-28T02:32:30.087Z info: Server is working on port 4000
2024-03-28T02:35:27.205Z info: Server is working on port 4000
2024-03-28T02:35:50.465Z info: Server is working on port 4000
2024-03-28T02:39:17.514Z info: Server is working on port 4000
2024-03-28T02:39:21.672Z info: User logged in: oussemadhamdi815@gmail.com
2024-03-29T22:32:49.687Z info: Server is working on port 4000
2024-03-29T22:33:11.146Z info: User logged in: oussemadhamdi815@gmail.com
2024-03-29T22:34:07.199Z info: Server is working on port 4000
2024-03-29T22:36:19.712Z info: Server is working on port 4000
2024-03-29T22:37:19.403Z info: Server is working on port 4000
2024-03-29T22:38:10.352Z info: Server is working on port 4000
2024-03-29T22:40:08.164Z info: Server is working on port 4000
2024-03-29T22:42:15.113Z info: Server is working on port 4000
2024-03-29T22:42:26.936Z info: User logged in: oussemadhamdi815@gmail.com
2024-03-29T22:43:08.823Z info: Server is working on port 4000
2024-03-29T22:44:40.971Z info: Server is working on port 4000
2024-03-29T22:44:49.874Z info: Server is working on port 4000
2024-03-29T22:45:01.698Z info: Server is working on port 4000
2024-03-29T22:45:17.182Z info: Server is working on port 4000
2024-03-29T22:46:32.584Z info: Server is working on port 4000
2024-03-29T22:47:32.689Z info: Server is working on port 4000
2024-03-29T22:47:52.987Z info: User logged in: oussemadhamdi815@gmail.com
2024-03-29T22:49:06.866Z info: Server is working on port 4000
2024-03-29T22:49:16.262Z info: Server is working on port 4000
2024-03-29T22:50:19.460Z info: Server is working on port 4000
2024-03-29T22:51:03.797Z info: Server is working on port 4000
2024-03-29T22:51:49.933Z info: Server is working on port 4000
2024-03-29T22:52:04.919Z info: Server is working on port 4000
2024-03-29T22:52:07.066Z info: User logged in: oussemadhamdi815@gmail.com
2024-03-29T22:54:26.979Z info: Server is working on port 4000
2024-03-29T22:54:36.612Z info: Server is working on port 4000
2024-03-29T22:58:13.948Z info: Server is working on port 4000
2024-03-29T22:58:45.712Z info: Server is working on port 4000
2024-03-29T23:02:04.234Z info: Server is working on port 4000
2024-03-29T23:22:33.976Z info: Server is working on port 4000
2024-03-29T23:34:39.001Z info: Server is working on port 4000
2024-03-29T23:36:33.241Z info: Server is working on port 4000
2024-03-29T23:37:14.735Z info: Server is working on port 4000
2024-03-29T23:37:20.821Z info: User logged in: oussemadhamdi815@gmail.com
2024-03-29T23:43:08.011Z info: User logged in: oussemadhamdi815@gmail.com
2024-03-29T23:45:07.888Z info: Server is working on port 4000
2024-03-29T23:45:59.626Z info: Server is working on port 4000
2024-03-29T23:46:19.482Z info: Server is working on port 4000
2024-03-29T23:46:29.145Z info: Server is working on port 4000
2024-03-29T23:47:11.487Z info: Server is working on port 4000
2024-03-29T23:47:20.188Z info: Server is working on port 4000
2024-03-29T23:47:56.087Z info: Server is working on port 4000
2024-03-29T23:49:35.279Z info: Server is working on port 4000
2024-03-29T23:50:30.265Z info: Server is working on port 4000
2024-03-29T23:51:07.359Z info: Server is working on port 4000
2024-03-29T23:51:28.296Z info: Server is working on port 4000
2024-03-29T23:51:57.923Z info: Server is working on port 4000
2024-03-29T23:52:03.001Z info: Server is working on port 4000
2024-03-29T23:52:09.125Z info: Server is working on port 4000
2024-03-30T00:12:09.133Z info: User logged in: oussemadhamdi815@gmail.com
2024-04-06T05:48:46.531Z info: Server is working on port 4000
2024-04-06T05:55:05.008Z info: Server is working on port 4000
2024-04-06T05:56:05.625Z info: Server is working on port 4000
2024-04-06T05:58:13.429Z info: Server is working on port 4000
2024-04-06T06:00:19.876Z info: Server is working on port 4000
2024-04-06T06:01:14.322Z info: Server is working on port 4000
2024-04-06T06:01:51.716Z info: Server is working on port 4000
2024-04-06T06:03:00.591Z info: Server is working on port 4000
2024-04-06T06:03:07.934Z info: Server is working on port 4000
2024-04-06T06:06:38.426Z info: Server is working on port 4000
2024-04-06T06:14:20.355Z info: Server is working on port 4000
2024-04-06T06:14:40.995Z info: Server is working on port 4000
2024-04-06T06:16:37.784Z info: Server is working on port 4000
2024-04-06T06:16:49.982Z info: User logged in: oussemadhamdi815@gmail.com
2024-04-06T06:19:11.694Z info: Server is working on port 4000
2024-04-06T06:20:41.037Z info: Server is working on port 4000
2024-04-06T06:21:24.693Z info: Server is working on port 4000
2024-04-06T06:33:57.330Z info: Server is working on port 4000
2024-04-06T06:34:53.905Z info: Server is working on port 4000
2024-04-06T06:52:25.013Z info: Server is working on port 4000
2024-04-06T06:53:32.978Z info: Server is working on port 4000
2024-04-06T06:57:56.469Z info: Server is working on port 4000
2024-04-06T06:58:43.923Z info: Server is working on port 4000
2024-04-06T06:58:56.909Z info: Server is working on port 4000
2024-04-06T07:05:53.658Z info: Server is working on port 4000
2024-04-06T07:06:04.115Z info: Server is working on port 4000
2024-04-06T07:07:41.166Z info: Server is working on port 4000
2024-04-06T07:08:03.620Z info: Server is working on port 4000
2024-04-06T07:20:14.498Z info: Server is working on port 4000
2024-04-15T16:52:02.666Z info: Server is working on port 4000
2024-04-15T16:53:00.062Z info: User registration failed - email hamzass@gmail.com already exists
2024-04-15T16:54:00.439Z info: User registered: hamzass07@gmail.com
2024-04-15T16:54:41.824Z info: User logged in: oussemadhamdi815@gmail.com
2024-04-16T05:49:01.893Z info: Server is working on port 4000
2024-04-16T05:51:20.331Z info: Server is working on port 4000
2024-04-16T05:52:14.961Z info: Server is working on port 4000
2024-04-16T05:53:26.205Z info: Server is working on port 4000
2024-04-16T05:57:56.789Z info: Server is working on port 4000
2024-04-16T05:58:17.662Z info: Server is working on port 4000
2024-04-16T06:06:28.246Z info: Server is working on port 4000
2024-04-16T06:06:51.353Z info: Server is working on port 4000
2024-04-16T06:07:38.939Z info: Server is working on port 4000
2024-04-16T06:08:07.737Z info: Server is working on port 4000
2024-04-16T06:09:50.327Z info: Server is working on port 4000
2024-04-16T06:11:08.344Z info: User registration failed - email hamzass07@gmail.com already exists
2024-04-16T06:16:05.001Z info: Server is working on port 4000
2024-04-16T06:16:11.787Z info: User registered: hamzass08@gmail.com
2024-04-16T06:16:20.494Z info: User registration failed - email hamzass08@gmail.com already exists
2024-04-16T06:17:14.347Z info: Server is working on port 4000
2024-04-16T06:17:20.251Z info: Server is working on port 4000
2024-04-16T06:20:21.411Z info: User registration failed - email hamzass08@gmail.com already exists
2024-04-16T06:20:42.515Z info: User registered: hamzass09@gmail.com
2024-04-16T06:46:21.404Z info: Server is working on port 4000
2024-04-16T06:47:57.385Z info: Server is working on port 4000
2024-04-16T06:49:33.784Z info: User registered: hamzass19@gmail.com
2024-04-16T06:53:22.221Z info: Server is working on port 4000
2024-04-16T06:54:21.629Z info: User registration failed - email hamzass19@gmail.com already exists
2024-04-16T06:54:34.276Z info: User registered: hamzass20@gmail.com
2024-04-16T06:55:16.816Z info: User registration failed - email hamzass20@gmail.com already exists
2024-04-16T06:59:38.718Z info: Server is working on port 4000
2024-04-16T07:01:03.576Z info: Server is working on port 4000
2024-04-16T07:03:56.849Z info: Server is working on port 4000
2024-04-16T07:04:17.828Z info: User registration failed - email hamzass20@gmail.com already exists
2024-04-16T07:04:30.294Z info: User registration failed - email hamzass20@gmail.com already exists
2024-04-16T07:04:36.587Z info: Server is working on port 4000
2024-04-16T07:04:40.580Z info: Server is working on port 4000
2024-04-16T07:17:45.119Z info: Server is working on port 4000
2024-04-16T07:17:53.937Z info: User registration failed - email hamzass20@gmail.com already exists
2024-04-16T07:20:06.154Z info: Server is working on port 4000
2024-04-16T07:20:08.308Z info: User registered: hamzass2@gmail.com
2024-04-16T07:21:14.238Z info: Server is working on port 4000
2024-04-16T07:21:50.844Z info: Server is working on port 4000
2024-04-16T07:22:14.415Z info: Server is working on port 4000
2024-04-16T07:22:29.338Z info: Server is working on port 4000
2024-04-16T07:23:15.728Z info: Server is working on port 4000
2024-04-16T07:26:03.543Z info: Server is working on port 4000
2024-04-16T07:46:26.105Z info: Server is working on port 4000
2024-04-16T07:46:41.166Z info: Server is working on port 4000
2024-04-16T07:46:59.058Z info: Server is working on port 4000
2024-04-16T07:47:23.932Z info: User registration failed - email hamzass2@gmail.com already exists
2024-04-16T07:49:44.579Z info: Server is working on port 4000
2024-04-16T07:49:49.238Z info: User registration failed - email hamzass2@gmail.com already exists
2024-04-16T07:50:56.867Z info: User registered: hamzass2@gmail.com
2024-04-16T07:51:42.909Z info: User registered: hamzass2@gmail.com
2024-04-16T07:51:58.826Z info: Server is working on port 4000
2024-04-16T07:52:05.330Z info: User registration failed - email hamzass2@gmail.com already exists
2024-04-16T07:52:11.918Z info: User registration failed - email hamzass2@gmail.com already exists
2024-04-17T08:44:04.422Z info: Server is working on port 4000
2024-04-17T08:45:32.327Z info: User registration failed - email hamzass2@gmail.com already exists
2024-04-17T08:49:37.762Z info: Server is working on port 4000
2024-04-17T08:49:40.434Z info: User logged in: oussemadhamdi815@gmail.com
2024-04-17T08:55:38.785Z info: Server is working on port 4000
2024-04-17T08:59:31.480Z info: Server is working on port 4000
2024-04-17T08:59:48.002Z info: Server is working on port 4000
2024-04-17T09:00:50.575Z info: Server is working on port 4000
2024-04-17T09:01:07.550Z info: Server is working on port 4000
2024-04-17T09:04:48.658Z info: Server is working on port 4000
2024-04-17T09:21:52.453Z info: Server is working on port 4000
2024-04-17T09:28:23.829Z info: Server is working on port 4000
2024-04-17T09:35:46.136Z info: Server is working on port 4000
2024-04-17T09:36:19.922Z info: Server is working on port 4000
2024-04-17T09:36:22.514Z info: User registered: hamzass26@gmail.com
2024-04-17T09:36:34.951Z info: User registration failed - email hamzass26@gmail.com already exists
2024-04-17T09:36:43.078Z info: User registered: hamzass27@gmail.com
2024-04-17T09:36:55.982Z info: User registration failed - email hamzass27@gmail.com already exists
2024-04-17T09:37:04.073Z info: User registered: hamzass87@gmail.com
2024-04-17T09:38:12.356Z info: Server is working on port 4000
2024-04-17T09:38:15.585Z info: User registration failed - email hamzass87@gmail.com already exists
2024-04-17T09:38:23.303Z info: User registered: hamzass97@gmail.com
2024-04-17T09:40:15.939Z info: User registration failed - email hamzass97@gmail.com already exists
2024-04-17T09:41:57.878Z info: Server is working on port 4000
2024-04-17T09:42:07.322Z info: Server is working on port 4000
2024-04-17T09:42:17.530Z info: Server is working on port 4000
2024-04-17T09:42:52.281Z info: Server is working on port 4000
2024-04-17T09:43:13.999Z info: Server is working on port 4000
2024-04-17T09:43:34.682Z info: Server is working on port 4000
2024-04-17T09:43:42.170Z info: Server is working on port 4000
2024-04-17T09:44:05.788Z info: Server is working on port 4000
2024-04-17T09:45:01.922Z info: Server is working on port 4000
2024-04-17T09:48:04.451Z info: Server is working on port 4000
2024-04-17T09:48:50.953Z info: Server is working on port 4000
2024-04-17T09:55:17.985Z info: Server is working on port 4000
2024-04-17T09:59:54.414Z info: Server is working on port 4000
2024-04-17T10:00:52.769Z info: Server is working on port 4000
2024-04-17T10:13:26.613Z info: Server is working on port 4000
2024-04-17T10:14:07.297Z info: Server is working on port 4000
2024-04-17T10:16:47.965Z info: Server is working on port 4000
2024-04-17T10:21:06.299Z info: Server is working on port 4000
2024-04-17T12:36:29.340Z info: Server is working on port 4000
2024-04-17T12:37:29.490Z info: Server is working on port 4000
2024-04-17T12:37:34.025Z info: Server is working on port 4000
2024-04-17T12:39:52.515Z info: Server is working on port 4000
2024-04-17T12:57:32.303Z info: Server is working on port 4000
2024-04-17T13:04:31.738Z info: Server is working on port 4000
2024-04-17T13:04:51.324Z info: Server is working on port 4000
2024-04-17T13:05:48.584Z info: User logged in: oussemadhamdi815@gmail.com
2024-04-17T13:07:58.434Z info: Server is working on port 4000
2024-04-17T13:09:25.680Z info: Server is working on port 4000
2024-04-17T13:10:04.477Z info: Server is working on port 4000
2024-04-17T13:14:11.949Z info: Server is working on port 4000
2024-04-17T13:22:19.208Z info: User logged in: oussemadhamdi815@gmail.com
2024-04-17T13:28:35.318Z info: Server is working on port 4000
2024-04-17T13:29:07.374Z info: Server is working on port 4000
2024-04-17T13:29:45.815Z info: Server is working on port 4000
2024-04-17T13:29:48.154Z info: User logged in: oussemadhamdi815@gmail.com
2024-04-17T13:34:28.110Z info: Server is working on port 4000
2024-04-20T23:30:38.507Z info: Server is working on port 4000
2024-04-20T23:31:17.405Z info: Server is working on port 4000
2024-04-20T23:33:48.376Z info: Server is working on port 4000
2024-04-20T23:33:54.383Z info: Server is working on port 4000
2024-04-20T23:34:58.764Z info: Server is working on port 4000
2024-04-20T23:35:01.308Z info: Server is working on port 4000
2024-04-20T23:50:28.775Z info: Server is working on port 4000
2024-04-20T23:51:28.650Z info: Server is working on port 4000
2024-04-20T23:55:37.800Z info: Server is working on port 4000
2024-04-21T00:05:03.271Z info: Server is working on port 4000
2024-04-21T00:06:36.735Z info: Server is working on port 4000
2024-04-21T00:07:28.720Z info: Server is working on port 4000
2024-04-21T00:07:35.392Z info: Server is working on port 4000
2024-04-21T00:07:39.199Z info: Server is working on port 4000
2024-04-21T00:07:45.169Z info: Server is working on port 4000
2024-04-21T00:09:25.774Z info: Server is working on port 4000
2024-04-21T00:09:31.341Z info: Server is working on port 4000
2024-04-21T00:11:40.095Z info: Server is working on port 4000
2024-04-21T00:16:30.259Z info: Server is working on port 4000
2024-04-21T00:16:44.604Z info: Server is working on port 4000
2024-04-21T00:16:46.718Z info: Server is working on port 4000
2024-04-22T16:53:33.089Z info: Server is working on port 4000
2024-04-25T16:39:59.335Z info: User registered: user@example.com
2024-04-25T16:41:37.651Z info: User registration failed - email user@example.com already exists
2024-04-25T16:41:44.792Z info: User registered: user@exanlmple.com
2024-05-02T21:54:07.164Z error: Server error: Users validation failed: username: Path `username` is required.
2024-05-02T21:55:50.785Z error: Server error: Users validation failed: username: Path `username` is required.
2024-05-02T22:55:35.944Z info: User logged in: Tests@gmail.com
2024-05-02T23:02:05.273Z info: User logged in: Tests@gmail.com
2024-05-02T23:02:17.118Z info: User logged in: Tests@gmail.com
2024-05-02T23:03:45.199Z info: User logged in: Tests@gmail.com
2024-05-03T15:22:13.349Z info: User logged in: Salwa1@GMAIL.COM
2024-05-03T19:36:36.215Z info: User logged in: Zayani.ge@gmail.com
2024-05-05T21:58:09.190Z info: User logged in: Test0@gmail.com
2024-05-05T21:59:05.755Z info: User logged in: Test0@gmail.com
2024-05-05T22:01:06.800Z info: User logged in: Test0@gmail.com
2024-05-05T22:04:08.130Z info: User logged in: Test0@gmail.com
2024-05-05T22:12:35.253Z info: User logged in: Test0@gmail.com
2024-05-05T22:14:18.635Z info: User logged in: Test0@gmail.com
2024-05-05T22:17:51.955Z info: User logged in: Test0@gmail.com
2024-05-06T21:57:57.993Z info: User logged in: zayani@gmail.com
2024-05-06T22:34:30.049Z info: User logged in: Zayani008@gmail.com
2024-05-07T19:22:38.989Z info: User logged in: Test1@gmail.com
2024-05-08T23:39:33.072Z info: User logged in: Test1@gmail.com
2024-05-09T22:05:34.002Z info: User logged in: Salwa@gmail.com
2024-05-09T23:49:52.466Z info: User logged in: Zay@gmail.com
2024-05-12T18:10:42.901Z info: User logged in: Zay@gmail.com
2024-05-15T15:58:30.784Z info: User logged in: Candidat@gmail.com
2024-05-15T16:00:42.476Z info: User logged in: Candidat@gmail.com
2024-05-16T16:26:11.864Z info: User logged in: Taki00@gmail.com
2024-05-17T03:40:56.145Z info: User logged in: Taki01@gmail.com
2024-05-17T03:41:47.268Z info: User logged in: Taki00@gmail.com
