20240226	23:17:19	44d28a8f-4e26-4181-89fd-f56174e9ea33	GET	/	undefined
20240226	23:17:21	86e8a7e9-0f7a-4acb-be05-b0f866933685	GET	/	undefined
20240226	23:17:39	e5bf51fd-0098-4565-b131-229fbed779bb	GET	/	undefined
20240226	23:29:06	f1b241ae-3f43-46f2-9b79-e7b5778e5a17	GET	/	undefined
20240226	23:29:08	17f782c1-9e92-4c35-add6-dfbf5aaf6669	GET	/	undefined
20240226	23:29:10	5084555b-6fa2-4c0a-8f49-52170a5ed4b2	GET	/	undefined
20240226	23:29:11	c18c04bd-5a81-426f-a33e-95d021427834	GET	/	undefined
20240226	23:29:25	0cfcf4e4-f86f-4796-bb3b-c9715b7ae0b9	GET	/	undefined
20240226	23:29:27	1ec9f3c1-9b9c-429b-b621-8a270f640ee0	GET	/	undefined
20240226	23:52:04	5f05fe4a-c048-432f-918f-2b2c01ca5966	GET	/	undefined
20240228	00:36:23	dc8e7d95-c552-45b7-9bdf-f8531ad9a8b2	GET	/	undefined
20240228	01:04:49	d49adeac-34e6-4c0c-b171-6146c09cbe18	GET	/	undefined
20240228	01:08:46	4b5915e7-fd08-492c-ae76-f8afb092bb3f	GET	/	undefined
20240228	01:08:47	d72d3730-3b03-4c0b-8359-afb6db7f68a5	GET	/	undefined
20240228	01:08:51	5a130998-5a0d-4a52-a9fd-344431f9d205	GET	/	undefined
20240228	01:13:50	05526edb-f383-427c-ad5d-df8daa694025	GET	/	undefined
20240228	01:13:50	4adfbc6b-fb8d-4129-8424-92a193c1f26a	GET	/static/js/main.b36b2411.js	undefined
20240228	01:13:50	72287470-0102-4604-a913-07eb3c3021ab	GET	/static/css/main.f855e6bc.css	undefined
20240228	01:13:50	e54efbd0-6190-4dc8-9993-38956186ed65	GET	/static/media/logo.6ce24c58023cc2f8fd88fe9d219db6c6.svg	undefined
20240228	01:13:50	4c6bf085-acbe-4217-9b6f-52cc1cc662ad	GET	/manifest.json	undefined
20240228	01:13:50	9e6b4841-a80b-4395-83d5-292eee95282a	GET	/favicon.ico	undefined
20240228	01:13:50	4e5de079-6b6d-4d58-921b-d98609e6dfe5	GET	/logo192.png	undefined
20240228	01:14:14	52bc9506-7128-4004-8af6-3f2dabef1d7c	GET	/	undefined
20240228	01:15:19	168a8327-131c-42db-b754-a7fc4b553d2c	GET	/	undefined
20240228	01:15:19	afe3ba1b-38ff-4c81-a9d5-5d2f743dfeed	GET	/static/js/main.b36b2411.js	undefined
20240228	01:15:19	94d2294d-787f-4ba5-a871-18a823c6818b	GET	/static/css/main.f855e6bc.css	undefined
20240228	01:15:19	39a40c62-b3c2-491c-90df-9d4faf6949a5	GET	/static/media/logo.6ce24c58023cc2f8fd88fe9d219db6c6.svg	undefined
20240228	01:15:19	bb2e595b-fe59-41f0-a645-04dcc705544d	GET	/manifest.json	undefined
20240228	01:15:19	d312c5d7-4fc7-4d4e-8c29-6f7880a82660	GET	/favicon.ico	undefined
20240228	01:15:19	a18c34af-38f2-4be5-9422-fe30630b3253	GET	/logo192.png	undefined
20240228	01:15:32	f60cb66c-aca6-415f-b34d-323315610a12	GET	/	undefined
20240228	01:15:32	d16a6abd-c872-4305-bd30-d50742bc1a07	GET	/static/js/main.b36b2411.js	undefined
20240228	01:15:32	92cb5232-3509-4cf2-a7a3-5da637082981	GET	/static/css/main.f855e6bc.css	undefined
20240228	01:15:32	b6004cd4-8197-43c8-83f4-467ec653dfd4	GET	/static/media/logo.6ce24c58023cc2f8fd88fe9d219db6c6.svg	undefined
20240228	01:15:32	46dbe7ce-06a4-4a33-9ef4-a41043f8ceb6	GET	/manifest.json	undefined
20240228	01:15:32	ce5afd11-e824-48cb-9b57-3c4b8aece11e	GET	/favicon.ico	undefined
20240228	01:15:32	c4abdf93-427c-4942-b3d4-4ce1f9da3b6e	GET	/logo192.png	undefined
20240228	23:58:34	c3fd86f3-1225-4bf3-aa85-ea5fdf8a341e	GET	/	undefined
20240228	23:58:34	21ccfb65-96f8-4e6a-840c-3756e1f18635	GET	/static/js/main.b36b2411.js	undefined
20240228	23:58:34	e0e40cb5-391f-4f0d-bbb5-b05b3e11ed4f	GET	/static/css/main.f855e6bc.css	undefined
20240228	23:58:34	f93f82a5-373e-46b3-ad5f-c81af28b73ce	GET	/static/media/logo.6ce24c58023cc2f8fd88fe9d219db6c6.svg	undefined
20240228	23:58:34	dc120180-416d-450b-9827-07a38a2bfd1b	GET	/	undefined
20240228	23:58:34	3f78939d-542f-4629-a11a-3050a3ffb549	GET	/static/js/main.b36b2411.js	undefined
20240228	23:58:34	c9025ca9-b594-4275-9082-3e806e803784	GET	/static/css/main.f855e6bc.css	undefined
20240228	23:58:34	589994df-3ebb-4db1-af5f-da7667fa30a6	GET	/static/media/logo.6ce24c58023cc2f8fd88fe9d219db6c6.svg	undefined
20240228	23:58:35	5723c198-f9ce-4443-846f-3b06028eca03	GET	/manifest.json	undefined
20240228	23:58:35	37e5a158-d0dc-4b3f-a9e3-ac7b6c7c7f07	GET	/favicon.ico	undefined
20240228	23:58:35	d36975a1-e1d8-44d6-8480-71c46039cb61	GET	/logo192.png	undefined
